0 verbose cli /usr/local/bin/node /usr/local/bin/npm
1 info using npm@11.6.2
2 info using node@v22.19.0
3 silly config load:file:/usr/local/lib/node_modules/npm/npmrc
4 silly config load:file:/Users/brunobisogni/Desktop/guardia-app/.worktrees/fase1-buscas-multitribunal/.npmrc
5 silly config load:file:/Users/brunobisogni/.npmrc
6 silly config load:file:/Users/brunobisogni/.npm-global/etc/npmrc
7 verbose title npm install mongodb
8 verbose argv "install" "mongodb" "--cache" ".npm-cache"
9 verbose logfile logs-max:10 dir:/Users/brunobisogni/Desktop/guardia-app/.worktrees/fase1-buscas-multitribunal/.npm-cache/_logs/2026-04-09T02_12_13_237Z-
10 verbose logfile /Users/brunobisogni/Desktop/guardia-app/.worktrees/fase1-buscas-multitribunal/.npm-cache/_logs/2026-04-09T02_12_13_237Z-debug-0.log
11 silly logfile done cleaning log files
12 silly packumentCache heap:4345298944 maxSize:1086324736 maxEntrySize:543162368
13 silly idealTree buildDeps
14 silly fetch manifest mongodb@*
15 silly packumentCache full:https://registry.npmjs.org/mongodb cache-miss
16 http fetch GET 200 https://registry.npmjs.org/npm 235ms
17 http fetch GET 200 https://registry.npmjs.org/mongodb 141ms (cache miss)
18 silly packumentCache full:https://registry.npmjs.org/mongodb set size:undefined disposed:false
19 silly fetch manifest @aws-sdk/credential-providers@^3.806.0
20 silly packumentCache full:https://registry.npmjs.org/@aws-sdk%2fcredential-providers cache-miss
21 http fetch GET 200 https://registry.npmjs.org/@aws-sdk%2fcredential-providers 74ms (cache miss)
22 silly packumentCache full:https://registry.npmjs.org/@aws-sdk%2fcredential-providers set size:undefined disposed:false
23 silly fetch manifest @mongodb-js/zstd@^7.0.0
24 silly packumentCache full:https://registry.npmjs.org/@mongodb-js%2fzstd cache-miss
25 http fetch GET 200 https://registry.npmjs.org/@mongodb-js%2fzstd 45ms (cache miss)
26 silly packumentCache full:https://registry.npmjs.org/@mongodb-js%2fzstd set size:undefined disposed:false
27 silly fetch manifest gcp-metadata@^7.0.1
28 silly packumentCache full:https://registry.npmjs.org/gcp-metadata cache-miss
29 http fetch GET 200 https://registry.npmjs.org/gcp-metadata 44ms (cache miss)
30 silly packumentCache full:https://registry.npmjs.org/gcp-metadata set size:undefined disposed:false
31 silly fetch manifest kerberos@^7.0.0
32 silly packumentCache full:https://registry.npmjs.org/kerberos cache-miss
33 http fetch GET 200 https://registry.npmjs.org/kerberos 31ms (cache miss)
34 silly packumentCache full:https://registry.npmjs.org/kerberos set size:undefined disposed:false
35 silly fetch manifest mongodb-client-encryption@>=7.0.0 <7.1.0
36 silly packumentCache full:https://registry.npmjs.org/mongodb-client-encryption cache-miss
37 http fetch GET 200 https://registry.npmjs.org/mongodb-client-encryption 38ms (cache miss)
38 silly packumentCache full:https://registry.npmjs.org/mongodb-client-encryption set size:undefined disposed:false
39 silly fetch manifest snappy@^7.3.2
40 silly packumentCache full:https://registry.npmjs.org/snappy cache-miss
41 http fetch GET 200 https://registry.npmjs.org/snappy 28ms (cache miss)
42 silly packumentCache full:https://registry.npmjs.org/snappy set size:undefined disposed:false
43 silly fetch manifest socks@^2.8.6
44 silly packumentCache full:https://registry.npmjs.org/socks cache-miss
45 http fetch GET 200 https://registry.npmjs.org/socks 32ms (cache miss)
46 silly packumentCache full:https://registry.npmjs.org/socks set size:undefined disposed:false
47 silly placeDep ROOT mongodb@7.1.1 OK for: guardia-app@0.1.0 want: *
48 silly fetch manifest bson@^7.1.1
49 silly packumentCache full:https://registry.npmjs.org/bson cache-miss
50 silly fetch manifest @mongodb-js/saslprep@^1.3.0
51 silly packumentCache full:https://registry.npmjs.org/@mongodb-js%2fsaslprep cache-miss
52 silly fetch manifest mongodb-connection-string-url@^7.0.0
53 silly packumentCache full:https://registry.npmjs.org/mongodb-connection-string-url cache-miss
54 http fetch GET 200 https://registry.npmjs.org/bson 35ms (cache miss)
55 silly packumentCache full:https://registry.npmjs.org/bson set size:undefined disposed:false
56 http fetch GET 200 https://registry.npmjs.org/@mongodb-js%2fsaslprep 48ms (cache miss)
57 silly packumentCache full:https://registry.npmjs.org/@mongodb-js%2fsaslprep set size:undefined disposed:false
58 http fetch GET 200 https://registry.npmjs.org/mongodb-connection-string-url 76ms (cache miss)
59 silly packumentCache full:https://registry.npmjs.org/mongodb-connection-string-url set size:undefined disposed:false
60 silly placeDep ROOT @mongodb-js/saslprep@1.4.6 OK for: mongodb@7.1.1 want: ^1.3.0
61 silly placeDep ROOT bson@7.2.0 OK for: mongodb@7.1.1 want: ^7.1.1
62 silly placeDep ROOT mongodb-connection-string-url@7.0.1 OK for: mongodb@7.1.1 want: ^7.0.0
63 silly fetch manifest sparse-bitfield@^3.0.3
64 silly packumentCache full:https://registry.npmjs.org/sparse-bitfield cache-miss
65 silly fetch manifest whatwg-url@^14.1.0
66 silly packumentCache full:https://registry.npmjs.org/whatwg-url cache-miss
67 silly fetch manifest @types/whatwg-url@^13.0.0
68 silly packumentCache full:https://registry.npmjs.org/@types%2fwhatwg-url cache-miss
69 http fetch GET 200 https://registry.npmjs.org/sparse-bitfield 36ms (cache miss)
70 silly packumentCache full:https://registry.npmjs.org/sparse-bitfield set size:undefined disposed:false
71 http fetch GET 200 https://registry.npmjs.org/whatwg-url 42ms (cache miss)
72 silly packumentCache full:https://registry.npmjs.org/whatwg-url set size:undefined disposed:false
73 http fetch GET 200 https://registry.npmjs.org/@types%2fwhatwg-url 44ms (cache miss)
74 silly packumentCache full:https://registry.npmjs.org/@types%2fwhatwg-url set size:undefined disposed:false
75 silly placeDep ROOT sparse-bitfield@3.0.3 OK for: @mongodb-js/saslprep@1.4.6 want: ^3.0.3
76 silly fetch manifest memory-pager@^1.0.2
77 silly packumentCache full:https://registry.npmjs.org/memory-pager cache-miss
78 http fetch GET 200 https://registry.npmjs.org/memory-pager 30ms (cache miss)
79 silly packumentCache full:https://registry.npmjs.org/memory-pager set size:undefined disposed:false
80 silly placeDep ROOT @types/whatwg-url@13.0.0 OK for: mongodb-connection-string-url@7.0.1 want: ^13.0.0
81 silly placeDep ROOT whatwg-url@14.2.0 OK for: mongodb-connection-string-url@7.0.1 want: ^14.1.0
82 silly fetch manifest @types/webidl-conversions@*
83 silly packumentCache full:https://registry.npmjs.org/@types%2fwebidl-conversions cache-miss
84 silly fetch manifest tr46@^5.1.0
85 silly packumentCache full:https://registry.npmjs.org/tr46 cache-miss
86 silly fetch manifest webidl-conversions@^7.0.0
87 silly packumentCache full:https://registry.npmjs.org/webidl-conversions cache-miss
88 http fetch GET 200 https://registry.npmjs.org/webidl-conversions 35ms (cache miss)
89 silly packumentCache full:https://registry.npmjs.org/webidl-conversions set size:undefined disposed:false
90 http fetch GET 200 https://registry.npmjs.org/tr46 43ms (cache miss)
91 silly packumentCache full:https://registry.npmjs.org/tr46 set size:undefined disposed:false
92 http fetch GET 200 https://registry.npmjs.org/@types%2fwebidl-conversions 410ms (cache miss)
93 silly packumentCache full:https://registry.npmjs.org/@types%2fwebidl-conversions set size:undefined disposed:false
94 silly placeDep ROOT @types/webidl-conversions@7.0.3 OK for: @types/whatwg-url@13.0.0 want: *
95 silly placeDep ROOT memory-pager@1.5.0 OK for: sparse-bitfield@3.0.3 want: ^1.0.2
96 silly placeDep ROOT tr46@5.1.1 OK for: whatwg-url@14.2.0 want: ^5.1.0
97 silly placeDep ROOT webidl-conversions@7.0.0 OK for: whatwg-url@14.2.0 want: ^7.0.0
98 silly reify moves {}
99 silly audit bulk request {
99 silly audit   '@alloc/quick-lru': [ '5.2.0' ],
99 silly audit   '@aws-crypto/crc32': [ '5.2.0' ],
99 silly audit   '@aws-crypto/crc32c': [ '5.2.0' ],
99 silly audit   '@aws-crypto/sha1-browser': [ '5.2.0' ],
99 silly audit   '@smithy/is-array-buffer': [ '2.2.0', '4.2.2' ],
99 silly audit   '@smithy/util-buffer-from': [ '2.2.0', '4.2.2' ],
99 silly audit   '@smithy/util-utf8': [ '2.3.0', '4.2.2' ],
99 silly audit   '@aws-crypto/sha256-browser': [ '5.2.0' ],
99 silly audit   '@aws-crypto/sha256-js': [ '5.2.0' ],
99 silly audit   '@aws-crypto/supports-web-crypto': [ '5.2.0' ],
99 silly audit   '@aws-crypto/util': [ '5.2.0' ],
99 silly audit   '@aws-sdk/client-cognito-identity-provider': [ '3.1026.0' ],
99 silly audit   '@aws-sdk/client-s3': [ '3.1025.0' ],
99 silly audit   '@aws-sdk/core': [ '3.973.27' ],
99 silly audit   '@aws-sdk/crc64-nvme': [ '3.972.5' ],
99 silly audit   '@aws-sdk/credential-provider-env': [ '3.972.25' ],
99 silly audit   '@aws-sdk/credential-provider-http': [ '3.972.27' ],
99 silly audit   '@aws-sdk/credential-provider-ini': [ '3.972.29' ],
99 silly audit   '@aws-sdk/credential-provider-login': [ '3.972.29' ],
99 silly audit   '@aws-sdk/credential-provider-node': [ '3.972.30' ],
99 silly audit   '@aws-sdk/credential-provider-process': [ '3.972.25' ],
99 silly audit   '@aws-sdk/credential-provider-sso': [ '3.972.29' ],
99 silly audit   '@aws-sdk/credential-provider-web-identity': [ '3.972.29' ],
99 silly audit   '@aws-sdk/middleware-bucket-endpoint': [ '3.972.8' ],
99 silly audit   '@aws-sdk/middleware-expect-continue': [ '3.972.8' ],
99 silly audit   '@aws-sdk/middleware-flexible-checksums': [ '3.974.6' ],
99 silly audit   '@aws-sdk/middleware-host-header': [ '3.972.9' ],
99 silly audit   '@aws-sdk/middleware-location-constraint': [ '3.972.8' ],
99 silly audit   '@aws-sdk/middleware-logger': [ '3.972.9' ],
99 silly audit   '@aws-sdk/middleware-recursion-detection': [ '3.972.10' ],
99 silly audit   '@aws-sdk/middleware-sdk-s3': [ '3.972.27' ],
99 silly audit   '@aws-sdk/middleware-ssec': [ '3.972.8' ],
99 silly audit   '@aws-sdk/middleware-user-agent': [ '3.972.29' ],
99 silly audit   '@aws-sdk/nested-clients': [ '3.996.19' ],
99 silly audit   '@aws-sdk/region-config-resolver': [ '3.972.11' ],
99 silly audit   '@aws-sdk/signature-v4-multi-region': [ '3.996.15' ],
99 silly audit   '@aws-sdk/token-providers': [ '3.1026.0' ],
99 silly audit   '@aws-sdk/types': [ '3.973.7' ],
99 silly audit   '@aws-sdk/util-arn-parser': [ '3.972.3' ],
99 silly audit   '@aws-sdk/util-endpoints': [ '3.996.6' ],
99 silly audit   '@aws-sdk/util-locate-window': [ '3.965.5' ],
99 silly audit   '@aws-sdk/util-user-agent-browser': [ '3.972.9' ],
99 silly audit   '@aws-sdk/util-user-agent-node': [ '3.973.15' ],
99 silly audit   '@aws-sdk/xml-builder': [ '3.972.17' ],
99 silly audit   '@aws/lambda-invoke-store': [ '0.2.4' ],
99 silly audit   '@babel/code-frame': [ '7.29.0' ],
99 silly audit   '@babel/compat-data': [ '7.29.0' ],
99 silly audit   '@babel/core': [ '7.29.0' ],
99 silly audit   '@babel/generator': [ '7.29.1' ],
99 silly audit   '@babel/helper-compilation-targets': [ '7.28.6' ],
99 silly audit   '@babel/helper-globals': [ '7.28.0' ],
99 silly audit   '@babel/helper-module-imports': [ '7.28.6' ],
99 silly audit   '@babel/helper-module-transforms': [ '7.28.6' ],
99 silly audit   '@babel/helper-string-parser': [ '7.27.1' ],
99 silly audit   '@babel/helper-validator-identifier': [ '7.28.5' ],
99 silly audit   '@babel/helper-validator-option': [ '7.27.1' ],
99 silly audit   '@babel/helpers': [ '7.29.2' ],
99 silly audit   '@babel/parser': [ '7.29.2' ],
99 silly audit   '@babel/template': [ '7.28.6' ],
99 silly audit   '@babel/traverse': [ '7.29.0' ],
99 silly audit   '@babel/types': [ '7.29.0' ],
99 silly audit   '@biomejs/biome': [ '2.4.10' ],
99 silly audit   '@biomejs/cli-darwin-arm64': [ '2.4.10' ],
99 silly audit   '@biomejs/cli-darwin-x64': [ '2.4.10' ],
99 silly audit   '@biomejs/cli-linux-arm64': [ '2.4.10' ],
99 silly audit   '@biomejs/cli-linux-arm64-musl': [ '2.4.10' ],
99 silly audit   '@biomejs/cli-linux-x64': [ '2.4.10' ],
99 silly audit   '@biomejs/cli-linux-x64-musl': [ '2.4.10' ],
99 silly audit   '@biomejs/cli-win32-arm64': [ '2.4.10' ],
99 silly audit   '@biomejs/cli-win32-x64': [ '2.4.10' ],
99 silly audit   '@drizzle-team/brocli': [ '0.10.2' ],
99 silly audit   '@emnapi/core': [ '1.9.2' ],
99 silly audit   '@emnapi/runtime': [ '1.9.2' ],
99 silly audit   '@emnapi/wasi-threads': [ '1.2.1' ],
99 silly audit   '@esbuild-kit/core-utils': [ '3.3.2' ],
99 silly audit   '@esbuild/android-arm': [ '0.18.20', '0.25.12', '0.27.7' ],
99 silly audit   '@esbuild/android-arm64': [ '0.18.20', '0.25.12', '0.27.7' ],
99 silly audit   '@esbuild/android-x64': [ '0.18.20', '0.25.12', '0.27.7' ],
99 silly audit   '@esbuild/darwin-arm64': [ '0.18.20', '0.25.12', '0.27.7' ],
99 silly audit   '@esbuild/darwin-x64': [ '0.18.20', '0.25.12', '0.27.7' ],
99 silly audit   '@esbuild/freebsd-arm64': [ '0.18.20', '0.25.12', '0.27.7' ],
99 silly audit   '@esbuild/freebsd-x64': [ '0.18.20', '0.25.12', '0.27.7' ],
99 silly audit   '@esbuild/linux-arm': [ '0.18.20', '0.25.12', '0.27.7' ],
99 silly audit   '@esbuild/linux-arm64': [ '0.18.20', '0.25.12', '0.27.7' ],
99 silly audit   '@esbuild/linux-ia32': [ '0.18.20', '0.25.12', '0.27.7' ],
99 silly audit   '@esbuild/linux-loong64': [ '0.18.20', '0.25.12', '0.27.7' ],
99 silly audit   '@esbuild/linux-mips64el': [ '0.18.20', '0.25.12', '0.27.7' ],
99 silly audit   '@esbuild/linux-ppc64': [ '0.18.20', '0.25.12', '0.27.7' ],
99 silly audit   '@esbuild/linux-riscv64': [ '0.18.20', '0.25.12', '0.27.7' ],
99 silly audit   '@esbuild/linux-s390x': [ '0.18.20', '0.25.12', '0.27.7' ],
99 silly audit   '@esbuild/linux-x64': [ '0.18.20', '0.25.12', '0.27.7' ],
99 silly audit   '@esbuild/netbsd-x64': [ '0.18.20', '0.25.12', '0.27.7' ],
99 silly audit   '@esbuild/openbsd-x64': [ '0.18.20', '0.25.12', '0.27.7' ],
99 silly audit   '@esbuild/sunos-x64': [ '0.18.20', '0.25.12', '0.27.7' ],
99 silly audit   '@esbuild/win32-arm64': [ '0.18.20', '0.25.12', '0.27.7' ],
99 silly audit   '@esbuild/win32-ia32': [ '0.18.20', '0.25.12', '0.27.7' ],
99 silly audit   '@esbuild/win32-x64': [ '0.18.20', '0.25.12', '0.27.7' ],
99 silly audit   esbuild: [ '0.18.20', '0.25.12', '0.27.7' ],
99 silly audit   '@esbuild-kit/esm-loader': [ '2.6.5' ],
99 silly audit   '@esbuild/aix-ppc64': [ '0.25.12', '0.27.7' ],
99 silly audit   '@esbuild/netbsd-arm64': [ '0.25.12', '0.27.7' ],
99 silly audit   '@esbuild/openbsd-arm64': [ '0.25.12', '0.27.7' ],
99 silly audit   '@esbuild/openharmony-arm64': [ '0.25.12', '0.27.7' ],
99 silly audit   '@eslint-community/eslint-utils': [ '4.9.1' ],
99 silly audit   'eslint-visitor-keys': [ '3.4.3', '5.0.1', '4.2.1' ],
99 silly audit   '@eslint-community/regexpp': [ '4.12.2' ],
99 silly audit   '@eslint/config-array': [ '0.21.2' ],
99 silly audit   '@eslint/config-helpers': [ '0.4.2' ],
99 silly audit   '@eslint/core': [ '0.17.0' ],
99 silly audit   '@eslint/eslintrc': [ '3.3.5' ],
99 silly audit   '@eslint/js': [ '9.39.4' ],
99 silly audit   '@eslint/object-schema': [ '2.1.7' ],
99 silly audit   '@eslint/plugin-kit': [ '0.4.1' ],
99 silly audit   '@faker-js/faker': [ '10.4.0' ],
99 silly audit   '@google/generative-ai': [ '0.24.1' ],
99 silly audit   '@humanfs/core': [ '0.19.1' ],
99 silly audit   '@humanfs/node': [ '0.16.7' ],
99 silly audit   '@humanwhocodes/module-importer': [ '1.0.1' ],
99 silly audit   '@humanwhocodes/retry': [ '0.4.3' ],
99 silly audit   '@img/colour': [ '1.1.0' ],
99 silly audit   '@img/sharp-darwin-arm64': [ '0.34.5' ],
99 silly audit   '@img/sharp-darwin-x64': [ '0.34.5' ],
99 silly audit   '@img/sharp-libvips-darwin-arm64': [ '1.2.4' ],
99 silly audit   '@img/sharp-libvips-darwin-x64': [ '1.2.4' ],
99 silly audit   '@img/sharp-libvips-linux-arm': [ '1.2.4' ],
99 silly audit   '@img/sharp-libvips-linux-arm64': [ '1.2.4' ],
99 silly audit   '@img/sharp-libvips-linux-ppc64': [ '1.2.4' ],
99 silly audit   '@img/sharp-libvips-linux-riscv64': [ '1.2.4' ],
99 silly audit   '@img/sharp-libvips-linux-s390x': [ '1.2.4' ],
99 silly audit   '@img/sharp-libvips-linux-x64': [ '1.2.4' ],
99 silly audit   '@img/sharp-libvips-linuxmusl-arm64': [ '1.2.4' ],
99 silly audit   '@img/sharp-libvips-linuxmusl-x64': [ '1.2.4' ],
99 silly audit   '@img/sharp-linux-arm': [ '0.34.5' ],
99 silly audit   '@img/sharp-linux-arm64': [ '0.34.5' ],
99 silly audit   '@img/sharp-linux-ppc64': [ '0.34.5' ],
99 silly audit   '@img/sharp-linux-riscv64': [ '0.34.5' ],
99 silly audit   '@img/sharp-linux-s390x': [ '0.34.5' ],
99 silly audit   '@img/sharp-linux-x64': [ '0.34.5' ],
99 silly audit   '@img/sharp-linuxmusl-arm64': [ '0.34.5' ],
99 silly audit   '@img/sharp-linuxmusl-x64': [ '0.34.5' ],
99 silly audit   '@img/sharp-wasm32': [ '0.34.5' ],
99 silly audit   '@img/sharp-win32-arm64': [ '0.34.5' ],
99 silly audit   '@img/sharp-win32-ia32': [ '0.34.5' ],
99 silly audit   '@img/sharp-win32-x64': [ '0.34.5' ],
99 silly audit   '@jridgewell/gen-mapping': [ '0.3.13' ],
99 silly audit   '@jridgewell/remapping': [ '2.3.5' ],
99 silly audit   '@jridgewell/resolve-uri': [ '3.1.2' ],
99 silly audit   '@jridgewell/sourcemap-codec': [ '1.5.5' ],
99 silly audit   '@jridgewell/trace-mapping': [ '0.3.31' ],
99 silly audit   '@napi-rs/wasm-runtime': [ '0.2.12' ],
99 silly audit   '@next/env': [ '16.2.2' ],
99 silly audit   '@next/eslint-plugin-next': [ '16.2.2' ],
99 silly audit   '@next/swc-darwin-arm64': [ '16.2.2' ],
99 silly audit   '@next/swc-darwin-x64': [ '16.2.2' ],
99 silly audit   '@next/swc-linux-arm64-gnu': [ '16.2.2' ],
99 silly audit   '@next/swc-linux-arm64-musl': [ '16.2.2' ],
99 silly audit   '@next/swc-linux-x64-gnu': [ '16.2.2' ],
99 silly audit   '@next/swc-linux-x64-musl': [ '16.2.2' ],
99 silly audit   '@next/swc-win32-arm64-msvc': [ '16.2.2' ],
99 silly audit   '@next/swc-win32-x64-msvc': [ '16.2.2' ],
99 silly audit   '@nodelib/fs.scandir': [ '2.1.5' ],
99 silly audit   '@nodelib/fs.stat': [ '2.0.5' ],
99 silly audit   '@nodelib/fs.walk': [ '1.2.8' ],
99 silly audit   '@nolyfill/is-core-module': [ '1.0.39' ],
99 silly audit   '@rtsao/scc': [ '1.1.0' ],
99 silly audit   '@smithy/chunked-blob-reader': [ '5.2.2' ],
99 silly audit   '@smithy/chunked-blob-reader-native': [ '4.2.3' ],
99 silly audit   '@smithy/config-resolver': [ '4.4.14' ],
99 silly audit   '@smithy/core': [ '3.23.14' ],
99 silly audit   '@smithy/credential-provider-imds': [ '4.2.13' ],
99 silly audit   '@smithy/eventstream-codec': [ '4.2.13' ],
99 silly audit   '@smithy/eventstream-serde-browser': [ '4.2.13' ],
99 silly audit   '@smithy/eventstream-serde-config-resolver': [ '4.3.13' ],
99 silly audit   '@smithy/eventstream-serde-node': [ '4.2.13' ],
99 silly audit   '@smithy/eventstream-serde-universal': [ '4.2.13' ],
99 silly audit   '@smithy/fetch-http-handler': [ '5.3.16' ],
99 silly audit   '@smithy/hash-blob-browser': [ '4.2.14' ],
99 silly audit   '@smithy/hash-node': [ '4.2.13' ],
99 silly audit   '@smithy/hash-stream-node': [ '4.2.13' ],
99 silly audit   '@smithy/invalid-dependency': [ '4.2.13' ],
99 silly audit   '@smithy/md5-js': [ '4.2.13' ],
99 silly audit   '@smithy/middleware-content-length': [ '4.2.13' ],
99 silly audit   '@smithy/middleware-endpoint': [ '4.4.29' ],
99 silly audit   '@smithy/middleware-retry': [ '4.5.0' ],
99 silly audit   '@smithy/middleware-serde': [ '4.2.17' ],
99 silly audit   '@smithy/middleware-stack': [ '4.2.13' ],
99 silly audit   '@smithy/node-config-provider': [ '4.3.13' ],
99 silly audit   '@smithy/node-http-handler': [ '4.5.2' ],
99 silly audit   '@smithy/property-provider': [ '4.2.13' ],
99 silly audit   '@smithy/protocol-http': [ '5.3.13' ],
99 silly audit   '@smithy/querystring-builder': [ '4.2.13' ],
99 silly audit   '@smithy/querystring-parser': [ '4.2.13' ],
99 silly audit   '@smithy/service-error-classification': [ '4.2.13' ],
99 silly audit   '@smithy/shared-ini-file-loader': [ '4.4.8' ],
99 silly audit   '@smithy/signature-v4': [ '5.3.13' ],
99 silly audit   '@smithy/smithy-client': [ '4.12.9' ],
99 silly audit   '@smithy/types': [ '4.14.0' ],
99 silly audit   '@smithy/url-parser': [ '4.2.13' ],
99 silly audit   '@smithy/util-base64': [ '4.3.2' ],
99 silly audit   '@smithy/util-body-length-browser': [ '4.2.2' ],
99 silly audit   '@smithy/util-body-length-node': [ '4.2.3' ],
99 silly audit   '@smithy/util-config-provider': [ '4.2.2' ],
99 silly audit   '@smithy/util-defaults-mode-browser': [ '4.3.45' ],
99 silly audit   '@smithy/util-defaults-mode-node': [ '4.2.49' ],
99 silly audit   '@smithy/util-endpoints': [ '3.3.4' ],
99 silly audit   '@smithy/util-hex-encoding': [ '4.2.2' ],
99 silly audit   '@smithy/util-middleware': [ '4.2.13' ],
99 silly audit   '@smithy/util-retry': [ '4.3.0' ],
99 silly audit   '@smithy/util-stream': [ '4.5.22' ],
99 silly audit   '@smithy/util-uri-escape': [ '4.2.2' ],
99 silly audit   '@smithy/util-waiter': [ '4.2.15' ],
99 silly audit   '@smithy/uuid': [ '1.1.2' ],
99 silly audit   '@swc/helpers': [ '0.5.15' ],
99 silly audit   '@tailwindcss/node': [ '4.2.2' ],
99 silly audit   '@tailwindcss/oxide': [ '4.2.2' ],
99 silly audit   '@tailwindcss/oxide-android-arm64': [ '4.2.2' ],
99 silly audit   '@tailwindcss/oxide-darwin-arm64': [ '4.2.2' ],
99 silly audit   '@tailwindcss/oxide-darwin-x64': [ '4.2.2' ],
99 silly audit   '@tailwindcss/oxide-freebsd-x64': [ '4.2.2' ],
99 silly audit   '@tailwindcss/oxide-linux-arm-gnueabihf': [ '4.2.2' ],
99 silly audit   '@tailwindcss/oxide-linux-arm64-gnu': [ '4.2.2' ],
99 silly audit   '@tailwindcss/oxide-linux-arm64-musl': [ '4.2.2' ],
99 silly audit   '@tailwindcss/oxide-linux-x64-gnu': [ '4.2.2' ],
99 silly audit   '@tailwindcss/oxide-linux-x64-musl': [ '4.2.2' ],
99 silly audit   '@tailwindcss/oxide-wasm32-wasi': [ '4.2.2' ],
99 silly audit   '@tailwindcss/oxide-win32-arm64-msvc': [ '4.2.2' ],
99 silly audit   '@tailwindcss/oxide-win32-x64-msvc': [ '4.2.2' ],
99 silly audit   '@tailwindcss/postcss': [ '4.2.2' ],
99 silly audit   '@tybys/wasm-util': [ '0.10.1' ],
99 silly audit   '@types/estree': [ '1.0.8' ],
99 silly audit   '@types/google.maps': [ '3.58.1' ],
99 silly audit   '@types/json-schema': [ '7.0.15' ],
99 silly audit   '@types/json5': [ '0.0.29' ],
99 silly audit   '@types/node': [ '20.19.39' ],
99 silly audit   '@types/pg': [ '8.20.0' ],
99 silly audit   '@types/react': [ '19.2.14' ],
99 silly audit   '@types/react-dom': [ '19.2.3' ],
99 silly audit   '@typescript-eslint/eslint-plugin': [ '8.58.0' ],
99 silly audit   ignore: [ '7.0.5', '5.3.2' ],
99 silly audit   '@typescript-eslint/parser': [ '8.58.0' ],
99 silly audit   '@typescript-eslint/project-service': [ '8.58.0' ],
99 silly audit   '@typescript-eslint/scope-manager': [ '8.58.0' ],
99 silly audit   '@typescript-eslint/tsconfig-utils': [ '8.58.0' ],
99 silly audit   '@typescript-eslint/type-utils': [ '8.58.0' ],
99 silly audit   '@typescript-eslint/types': [ '8.58.0' ],
99 silly audit   '@typescript-eslint/typescript-estree': [ '8.58.0' ],
99 silly audit   'balanced-match': [ '4.0.4', '1.0.2' ],
99 silly audit   'brace-expansion': [ '5.0.5', '1.1.13' ],
99 silly audit   minimatch: [ '10.2.5', '3.1.5' ],
99 silly audit   semver: [ '7.7.4', '6.3.1' ],
99 silly audit   '@typescript-eslint/utils': [ '8.58.0' ],
99 silly audit   '@typescript-eslint/visitor-keys': [ '8.58.0' ],
99 silly audit   '@unrs/resolver-binding-android-arm-eabi': [ '1.11.1' ],
99 silly audit   '@unrs/resolver-binding-android-arm64': [ '1.11.1' ],
99 silly audit   '@unrs/resolver-binding-darwin-arm64': [ '1.11.1' ],
99 silly audit   '@unrs/resolver-binding-darwin-x64': [ '1.11.1' ],
99 silly audit   '@unrs/resolver-binding-freebsd-x64': [ '1.11.1' ],
99 silly audit   '@unrs/resolver-binding-linux-arm-gnueabihf': [ '1.11.1' ],
99 silly audit   '@unrs/resolver-binding-linux-arm-musleabihf': [ '1.11.1' ],
99 silly audit   '@unrs/resolver-binding-linux-arm64-gnu': [ '1.11.1' ],
99 silly audit   '@unrs/resolver-binding-linux-arm64-musl': [ '1.11.1' ],
99 silly audit   '@unrs/resolver-binding-linux-ppc64-gnu': [ '1.11.1' ],
99 silly audit   '@unrs/resolver-binding-linux-riscv64-gnu': [ '1.11.1' ],
99 silly audit   '@unrs/resolver-binding-linux-riscv64-musl': [ '1.11.1' ],
99 silly audit   '@unrs/resolver-binding-linux-s390x-gnu': [ '1.11.1' ],
99 silly audit   '@unrs/resolver-binding-linux-x64-gnu': [ '1.11.1' ],
99 silly audit   '@unrs/resolver-binding-linux-x64-musl': [ '1.11.1' ],
99 silly audit   '@unrs/resolver-binding-wasm32-wasi': [ '1.11.1' ],
99 silly audit   '@unrs/resolver-binding-win32-arm64-msvc': [ '1.11.1' ],
99 silly audit   '@unrs/resolver-binding-win32-ia32-msvc': [ '1.11.1' ],
99 silly audit   '@unrs/resolver-binding-win32-x64-msvc': [ '1.11.1' ],
99 silly audit   acorn: [ '8.16.0' ],
99 silly audit   'acorn-jsx': [ '5.3.2' ],
99 silly audit   ajv: [ '6.14.0' ],
99 silly audit   'ansi-escapes': [ '1.4.0' ],
99 silly audit   'ansi-regex': [ '2.1.1', '5.0.1' ],
99 silly audit   'ansi-styles': [ '4.3.0', '2.2.1' ],
99 silly audit   'any-promise': [ '1.3.0' ],
99 silly audit   argparse: [ '2.0.1' ],
99 silly audit   'aria-query': [ '5.3.2' ],
99 silly audit   'array-buffer-byte-length': [ '1.0.2' ],
99 silly audit   'array-includes': [ '3.1.9' ],
99 silly audit   'array.prototype.findlast': [ '1.2.5' ],
99 silly audit   'array.prototype.findlastindex': [ '1.2.6' ],
99 silly audit   'array.prototype.flat': [ '1.3.3' ],
99 silly audit   'array.prototype.flatmap': [ '1.3.3' ],
99 silly audit   'array.prototype.tosorted': [ '1.1.4' ],
99 silly audit   'arraybuffer.prototype.slice': [ '1.0.4' ],
99 silly audit   asn1: [ '0.2.6' ],
99 silly audit   'assert-plus': [ '1.0.0' ],
99 silly audit   'ast-types-flow': [ '0.0.8' ],
99 silly audit   'async-function': [ '1.0.0' ],
99 silly audit   asynckit: [ '0.4.0' ],
99 silly audit   'available-typed-arrays': [ '1.0.7' ],
99 silly audit   'aws-sign2': [ '0.7.0' ],
99 silly audit   aws4: [ '1.13.2' ],
99 silly audit   'axe-core': [ '4.11.2' ],
99 silly audit   axios: [ '0.21.4' ],
99 silly audit   'axobject-query': [ '4.1.0' ],
99 silly audit   'baseline-browser-mapping': [ '2.10.16' ],
99 silly audit   'bcrypt-pbkdf': [ '1.0.2' ],
99 silly audit   biome: [ '0.3.3' ],
99 silly audit   chalk: [ '1.1.3', '4.1.2' ],
99 silly audit   'escape-string-regexp': [ '1.0.5', '4.0.0' ],
99 silly audit   'supports-color': [ '2.0.0', '8.1.1', '7.2.0' ],
99 silly audit   bluebird: [ '3.7.2' ],
99 silly audit   bowser: [ '2.14.1' ],
99 silly audit   braces: [ '3.0.3' ],
99 silly audit   browserslist: [ '4.28.2' ],
99 silly audit   'buffer-from': [ '1.1.2' ],
99 silly audit   'call-bind': [ '1.0.8' ],
99 silly audit   'call-bind-apply-helpers': [ '1.0.2' ],
99 silly audit   'call-bound': [ '1.0.4' ],
99 silly audit   callsites: [ '3.1.0' ],
99 silly audit   'caniuse-lite': [ '1.0.30001786' ],
99 silly audit   caseless: [ '0.12.0' ],
99 silly audit   'cli-cursor': [ '1.0.2' ],
99 silly audit   'cli-width': [ '1.1.1' ],
99 silly audit   'client-only': [ '0.0.1' ],
99 silly audit   cliui: [ '7.0.4', '8.0.1' ],
99 silly audit   'emoji-regex': [ '8.0.0', '9.2.2' ],
99 silly audit   'is-fullwidth-code-point': [ '3.0.0', '1.0.0' ],
99 silly audit   'string-width': [ '4.2.3', '1.0.2' ],
99 silly audit   'strip-ansi': [ '6.0.1', '3.0.1' ],
99 silly audit   'code-point-at': [ '1.1.0' ],
99 silly audit   'color-convert': [ '2.0.1' ],
99 silly audit   'color-name': [ '1.1.4' ],
99 silly audit   'combined-stream': [ '1.0.8' ],
99 silly audit   commander: [ '2.20.3' ],
99 silly audit   'concat-map': [ '0.0.1' ],
99 silly audit   concurrently: [ '9.2.1' ],
99 silly audit   yargs: [ '17.7.2', '17.1.1' ],
99 silly audit   'yargs-parser': [ '21.1.1', '20.2.9' ],
99 silly audit   'convert-source-map': [ '2.0.0' ],
99 silly audit   'core-js': [ '2.6.12' ],
99 silly audit   'core-util-is': [ '1.0.2' ],
99 silly audit   'cross-spawn': [ '7.0.6' ],
99 silly audit   csstype: [ '3.2.3' ],
99 silly audit   'damerau-levenshtein': [ '1.0.8' ],
99 silly audit   dashdash: [ '1.14.1' ],
99 silly audit   'data-view-buffer': [ '1.0.2' ],
99 silly audit   'data-view-byte-length': [ '1.0.2' ],
99 silly audit   'data-view-byte-offset': [ '1.0.1' ],
99 silly audit   debug: [ '4.4.3', '3.2.7', '4.3.2' ],
99 silly audit   'deep-is': [ '0.1.4' ],
99 silly audit   'define-data-property': [ '1.1.4' ],
99 silly audit   'define-properties': [ '1.2.1' ],
99 silly audit   'delayed-stream': [ '1.0.0' ],
99 silly audit   'detect-libc': [ '2.1.2' ],
99 silly audit   doctrine: [ '2.1.0' ],
99 silly audit   dotenv: [ '17.4.1' ],
99 silly audit   'drizzle-kit': [ '0.31.10' ],
99 silly audit   'drizzle-orm': [ '0.45.2' ],
99 silly audit   'dunder-proto': [ '1.0.1' ],
99 silly audit   'earlgrey-runtime': [ '0.1.2' ],
99 silly audit   'ecc-jsbn': [ '0.1.2' ],
99 silly audit   editor: [ '1.0.0' ],
99 silly audit   'electron-to-chromium': [ '1.5.332' ],
99 silly audit   'enhanced-resolve': [ '5.20.1' ],
99 silly audit   'es-abstract': [ '1.24.1' ],
99 silly audit   'es-define-property': [ '1.0.1' ],
99 silly audit   'es-errors': [ '1.3.0' ],
99 silly audit   'es-iterator-helpers': [ '1.3.1' ],
99 silly audit   'es-object-atoms': [ '1.1.1' ],
99 silly audit   'es-set-tostringtag': [ '2.1.0' ],
99 silly audit   'es-shim-unscopables': [ '1.1.0' ],
99 silly audit   'es-to-primitive': [ '1.3.0' ],
99 silly audit   escalade: [ '3.2.0' ],
99 silly audit   eslint: [ '9.39.4' ],
99 silly audit   'eslint-config-next': [ '16.2.2' ],
99 silly audit   globals: [ '16.4.0', '14.0.0' ],
99 silly audit   'eslint-import-resolver-node': [ '0.3.10' ],
99 silly audit   'eslint-import-resolver-typescript': [ '3.10.1' ],
99 silly audit   'eslint-module-utils': [ '2.12.1' ],
99 silly audit   'eslint-plugin-import': [ '2.32.0' ],
99 silly audit   'eslint-plugin-jsx-a11y': [ '6.10.2' ],
99 silly audit   'eslint-plugin-react': [ '7.37.5' ],
99 silly audit   'eslint-plugin-react-hooks': [ '7.0.1' ],
99 silly audit   'eslint-scope': [ '8.4.0' ],
99 silly audit   espree: [ '10.4.0' ],
99 silly audit   esquery: [ '1.7.0' ],
99 silly audit   esrecurse: [ '4.3.0' ],
99 silly audit   estraverse: [ '5.3.0' ],
99 silly audit   esutils: [ '2.0.3' ],
99 silly audit   'exit-hook': [ '1.1.1' ],
99 silly audit   extend: [ '3.0.2' ],
99 silly audit   extsprintf: [ '1.3.0' ],
99 silly audit   'fast-deep-equal': [ '3.1.3' ],
99 silly audit   'fast-glob': [ '3.3.1' ],
99 silly audit   'glob-parent': [ '5.1.2', '6.0.2' ],
99 silly audit   'fast-json-stable-stringify': [ '2.1.0' ],
99 silly audit   'fast-levenshtein': [ '2.0.6' ],
99 silly audit   'fast-xml-builder': [ '1.1.4' ],
99 silly audit   'fast-xml-parser': [ '5.5.8' ],
99 silly audit   fastq: [ '1.20.1' ],
99 silly audit   figures: [ '1.7.0' ],
99 silly audit   'file-entry-cache': [ '8.0.0' ],
99 silly audit   'fill-range': [ '7.1.1' ],
99 silly audit   'find-up': [ '5.0.0' ],
99 silly audit   'flat-cache': [ '4.0.1' ],
99 silly audit   flatted: [ '3.4.2' ],
99 silly audit   'follow-redirects': [ '1.15.11' ],
99 silly audit   'for-each': [ '0.3.5' ],
99 silly audit   'forever-agent': [ '0.6.1' ],
99 silly audit   'form-data': [ '2.3.3' ],
99 silly audit   'fs-extra': [ '0.26.7' ],
99 silly audit   'fs-promise': [ '0.5.0' ],
99 silly audit   'fs.realpath': [ '1.0.0' ],
99 silly audit   fsevents: [ '2.3.3' ],
99 silly audit   'function-bind': [ '1.1.2' ],
99 silly audit   'function.prototype.name': [ '1.1.8' ],
99 silly audit   'functions-have-names': [ '1.2.3' ],
99 silly audit   'generator-function': [ '2.0.1' ],
99 silly audit   gensync: [ '1.0.0-beta.2' ],
99 silly audit   'get-caller-file': [ '2.0.5' ],
99 silly audit   'get-intrinsic': [ '1.3.0' ],
99 silly audit   'get-proto': [ '1.0.1' ],
99 silly audit   'get-symbol-description': [ '1.1.0' ],
99 silly audit   'get-tsconfig': [ '4.13.7' ],
99 silly audit   getpass: [ '0.1.7' ],
99 silly audit   glob: [ '7.2.3' ],
99 silly audit   globalthis: [ '1.0.4' ],
99 silly audit   gopd: [ '1.2.0' ],
99 silly audit   'graceful-fs': [ '4.2.11' ],
99 silly audit   'har-schema': [ '2.0.0' ],
99 silly audit   'har-validator': [ '5.1.5' ],
99 silly audit   'has-ansi': [ '2.0.0' ],
99 silly audit   'has-bigints': [ '1.1.0' ],
99 silly audit   'has-flag': [ '4.0.0' ],
99 silly audit   'has-property-descriptors': [ '1.0.2' ],
99 silly audit   'has-proto': [ '1.2.0' ],
99 silly audit   'has-symbols': [ '1.1.0' ],
99 silly audit   'has-tostringtag': [ '1.0.2' ],
99 silly audit   hasown: [ '2.0.2' ],
99 silly audit   'hermes-estree': [ '0.25.1' ],
99 silly audit   'hermes-parser': [ '0.25.1' ],
99 silly audit   'highlight.js': [ '11.11.1' ],
99 silly audit   'http-signature': [ '1.2.0' ],
99 silly audit   'import-fresh': [ '3.3.1' ],
99 silly audit   imurmurhash: [ '0.1.4' ],
99 silly audit   inflight: [ '1.0.6' ],
99 silly audit   inherits: [ '2.0.4' ],
99 silly audit   inquirer: [ '0.11.4' ],
99 silly audit   'inquirer-promise': [ '0.0.3' ],
99 silly audit   lodash: [ '3.10.1', '4.18.1' ],
99 silly audit   'internal-slot': [ '1.1.0' ],
99 silly audit   'is-array-buffer': [ '3.0.5' ],
99 silly audit   'is-async-function': [ '2.1.1' ],
99 silly audit   'is-bigint': [ '1.1.0' ],
99 silly audit   'is-boolean-object': [ '1.2.2' ],
99 silly audit   'is-bun-module': [ '2.0.0' ],
99 silly audit   'is-callable': [ '1.2.7' ],
99 silly audit   'is-core-module': [ '2.16.1' ],
99 silly audit   'is-data-view': [ '1.0.2' ],
99 silly audit   'is-date-object': [ '1.1.0' ],
99 silly audit   'is-extglob': [ '2.1.1' ],
99 silly audit   'is-finalizationregistry': [ '1.1.1' ],
99 silly audit   'is-generator-function': [ '1.1.2' ],
99 silly audit   'is-glob': [ '4.0.3' ],
99 silly audit   'is-map': [ '2.0.3' ],
99 silly audit   'is-negative-zero': [ '2.0.3' ],
99 silly audit   'is-number': [ '7.0.0' ],
99 silly audit   'is-number-object': [ '1.1.1' ],
99 silly audit   'is-regex': [ '1.2.1' ],
99 silly audit   'is-set': [ '2.0.3' ],
99 silly audit   'is-shared-array-buffer': [ '1.0.4' ],
99 silly audit   'is-string': [ '1.1.1' ],
99 silly audit   'is-symbol': [ '1.1.1' ],
99 silly audit   'is-typed-array': [ '1.1.15' ],
99 silly audit   'is-typedarray': [ '1.0.0' ],
99 silly audit   'is-weakmap': [ '2.0.2' ],
99 silly audit   'is-weakref': [ '1.1.1' ],
99 silly audit   'is-weakset': [ '2.0.4' ],
99 silly audit   isarray: [ '2.0.5' ],
99 silly audit   isexe: [ '2.0.0' ],
99 silly audit   isstream: [ '0.1.2' ],
99 silly audit   'iterator.prototype': [ '1.1.5' ],
99 silly audit   jiti: [ '2.6.1' ],
99 silly audit   'js-tokens': [ '4.0.0' ],
99 silly audit   'js-yaml': [ '4.1.1' ],
99 silly audit   jsbn: [ '0.1.1' ],
99 silly audit   jsesc: [ '3.1.0' ],
99 silly audit   'json-buffer': [ '3.0.1' ],
99 silly audit   'json-schema': [ '0.4.0' ],
99 silly audit   'json-schema-traverse': [ '0.4.1' ],
99 silly audit   'json-stable-stringify-without-jsonify': [ '1.0.1' ],
99 silly audit   'json-stringify-safe': [ '5.0.1' ],
99 silly audit   json5: [ '2.2.3', '1.0.2' ],
99 silly audit   jsonfile: [ '2.4.0' ],
99 silly audit   jsprim: [ '1.4.2' ],
99 silly audit   'jsx-ast-utils': [ '3.3.5' ],
99 silly audit   kaiser: [ '0.0.4' ],
99 silly audit   keyv: [ '4.5.4' ],
99 silly audit   klaw: [ '1.3.1' ],
99 silly audit   'language-subtag-registry': [ '0.3.23' ],
99 silly audit   'language-tags': [ '1.0.9' ],
99 silly audit   levn: [ '0.4.1' ],
99 silly audit   lightningcss: [ '1.32.0' ],
99 silly audit   'lightningcss-android-arm64': [ '1.32.0' ],
99 silly audit   'lightningcss-darwin-arm64': [ '1.32.0' ],
99 silly audit   'lightningcss-darwin-x64': [ '1.32.0' ],
99 silly audit   'lightningcss-freebsd-x64': [ '1.32.0' ],
99 silly audit   'lightningcss-linux-arm-gnueabihf': [ '1.32.0' ],
99 silly audit   'lightningcss-linux-arm64-gnu': [ '1.32.0' ],
99 silly audit   'lightningcss-linux-arm64-musl': [ '1.32.0' ],
99 silly audit   'lightningcss-linux-x64-gnu': [ '1.32.0' ],
99 silly audit   'lightningcss-linux-x64-musl': [ '1.32.0' ],
99 silly audit   'lightningcss-win32-arm64-msvc': [ '1.32.0' ],
99 silly audit   'lightningcss-win32-x64-msvc': [ '1.32.0' ],
99 silly audit   localtunnel: [ '2.0.2' ],
99 silly audit   ms: [ '2.1.2', '2.1.3' ],
99 silly audit   'locate-path': [ '6.0.0' ],
99 silly audit   'lodash.merge': [ '4.6.2' ],
99 silly audit   'loose-envify': [ '1.4.0' ],
99 silly audit   'lru-cache': [ '5.1.1' ],
99 silly audit   'magic-string': [ '0.30.21' ],
99 silly audit   'math-intrinsics': [ '1.1.0' ],
99 silly audit   merge2: [ '1.4.1' ],
99 silly audit   micromatch: [ '4.0.8' ],
99 silly audit   'mime-db': [ '1.52.0' ],
99 silly audit   'mime-types': [ '2.1.35' ],
99 silly audit   minimist: [ '1.2.8' ],
99 silly audit   'mute-stream': [ '0.0.5' ],
99 silly audit   mz: [ '2.7.0' ],
99 silly audit   nanoid: [ '3.3.11' ],
99 silly audit   'napi-postinstall': [ '0.3.4' ],
99 silly audit   'natural-compare': [ '1.4.0' ],
99 silly audit   next: [ '16.2.2' ],
99 silly audit   postcss: [ '8.4.31', '8.5.8' ],
99 silly audit   'node-exports-info': [ '1.6.0' ],
99 silly audit   'node-releases': [ '2.0.37' ],
99 silly audit   'number-is-nan': [ '1.0.1' ],
99 silly audit   'oauth-sign': [ '0.9.0' ],
99 silly audit   'object-assign': [ '4.1.1' ],
99 silly audit   'object-inspect': [ '1.13.4' ],
99 silly audit   'object-keys': [ '1.1.1' ],
99 silly audit   'object.assign': [ '4.1.7' ],
99 silly audit   'object.entries': [ '1.1.9' ],
99 silly audit   'object.fromentries': [ '2.0.8' ],
99 silly audit   'object.groupby': [ '1.0.3' ],
99 silly audit   'object.values': [ '1.2.1' ],
99 silly audit   once: [ '1.4.0' ],
99 silly audit   onetime: [ '1.1.0' ],
99 silly audit   openurl: [ '1.1.1' ],
99 silly audit   optionator: [ '0.9.4' ],
99 silly audit   'os-homedir': [ '1.0.2' ],
99 silly audit   'own-keys': [ '1.0.1' ],
99 silly audit   'p-limit': [ '3.1.0' ],
99 silly audit   'p-locate': [ '5.0.0' ],
99 silly audit   'parent-module': [ '1.0.1' ],
99 silly audit   'path-exists': [ '4.0.0' ],
99 silly audit   'path-expression-matcher': [ '1.4.0' ],
99 silly audit   'path-is-absolute': [ '1.0.1' ],
99 silly audit   'path-key': [ '3.1.1' ],
99 silly audit   'path-parse': [ '1.0.7' ],
99 silly audit   'performance-now': [ '2.1.0' ],
99 silly audit   pg: [ '8.20.0' ],
99 silly audit   'pg-cloudflare': [ '1.3.0' ],
99 silly audit   'pg-connection-string': [ '2.12.0' ],
99 silly audit   'pg-int8': [ '1.0.1' ],
99 silly audit   'pg-pool': [ '3.13.0' ],
99 silly audit   'pg-protocol': [ '1.13.0' ],
99 silly audit   'pg-types': [ '2.2.0' ],
99 silly audit   pgpass: [ '1.0.5' ],
99 silly audit   picocolors: [ '1.1.1' ],
99 silly audit   picomatch: [ '2.3.2', '4.0.4' ],
99 silly audit   'possible-typed-array-names': [ '1.1.0' ],
99 silly audit   'postgres-array': [ '2.0.0' ],
99 silly audit   'postgres-bytea': [ '1.0.1' ],
99 silly audit   'postgres-date': [ '1.0.7' ],
99 silly audit   'postgres-interval': [ '1.2.0' ],
99 silly audit   'prelude-ls': [ '1.2.1' ],
99 silly audit   'prop-types': [ '15.8.1' ],
99 silly audit   psl: [ '1.15.0' ],
99 silly audit   punycode: [ '2.3.1' ],
99 silly audit   qs: [ '6.5.5' ],
99 silly audit   'queue-microtask': [ '1.2.3' ],
99 silly audit   react: [ '19.2.4' ],
99 silly audit   'react-dom': [ '19.2.4' ],
99 silly audit   'react-is': [ '16.13.1' ],
99 silly audit   readline2: [ '1.0.1' ],
99 silly audit   'reflect.getprototypeof': [ '1.0.10' ],
99 silly audit   'regenerator-runtime': [ '0.9.6' ],
99 silly audit   'regexp.prototype.flags': [ '1.5.4' ],
99 silly audit   request: [ '2.88.2' ],
99 silly audit   'request-promise': [ '3.0.0' ],
99 silly audit   'require-directory': [ '2.1.1' ],
99 silly audit   resolve: [ '2.0.0-next.6' ],
99 silly audit   'resolve-from': [ '4.0.0' ],
99 silly audit   'resolve-pkg-maps': [ '1.0.0' ],
99 silly audit   'restore-cursor': [ '1.0.1' ],
99 silly audit   reusify: [ '1.1.0' ],
99 silly audit   rimraf: [ '2.7.1' ],
99 silly audit   'run-async': [ '0.1.0' ],
99 silly audit   'run-parallel': [ '1.2.0' ],
99 silly audit   'rx-lite': [ '3.1.2' ],
99 silly audit   rxjs: [ '7.8.2' ],
99 silly audit   'safe-array-concat': [ '1.1.3' ],
99 silly audit   'safe-buffer': [ '5.2.1' ],
99 silly audit   'safe-push-apply': [ '1.0.0' ],
99 silly audit   'safe-regex-test': [ '1.1.0' ],
99 silly audit   'safer-buffer': [ '2.1.2' ],
99 silly audit   scheduler: [ '0.27.0' ],
99 silly audit   'set-function-length': [ '1.2.2' ],
99 silly audit   'set-function-name': [ '2.0.2' ],
99 silly audit   'set-proto': [ '1.0.0' ],
99 silly audit   sharp: [ '0.34.5' ],
99 silly audit   'shebang-command': [ '2.0.0' ],
99 silly audit   'shebang-regex': [ '3.0.0' ],
99 silly audit   'shell-quote': [ '1.8.3' ],
99 silly audit   'side-channel': [ '1.1.0' ],
99 silly audit   'side-channel-list': [ '1.0.0' ],
99 silly audit   'side-channel-map': [ '1.0.1' ],
99 silly audit   'side-channel-weakmap': [ '1.0.2' ],
99 silly audit   'source-map': [ '0.6.1' ],
99 silly audit   'source-map-js': [ '1.2.1' ],
99 silly audit   'source-map-support': [ '0.5.21' ],
99 silly audit   split2: [ '4.2.0' ],
99 silly audit   sshpk: [ '1.18.0' ],
99 silly audit   'stable-hash': [ '0.0.5' ],
99 silly audit   'stop-iteration-iterator': [ '1.1.0' ],
99 silly audit   'string.prototype.includes': [ '2.0.1' ],
99 silly audit   'string.prototype.matchall': [ '4.0.12' ],
99 silly audit   'string.prototype.repeat': [ '1.0.0' ],
99 silly audit   'string.prototype.trim': [ '1.2.10' ],
99 silly audit   'string.prototype.trimend': [ '1.0.9' ],
99 silly audit   'string.prototype.trimstart': [ '1.0.8' ],
99 silly audit   'strip-bom': [ '3.0.0' ],
99 silly audit   'strip-json-comments': [ '3.1.1' ],
99 silly audit   strnum: [ '2.2.3' ],
99 silly audit   'styled-jsx': [ '5.1.6' ],
99 silly audit   'supports-preserve-symlinks-flag': [ '1.0.0' ],
99 silly audit   'tailwind-variants': [ '3.2.2' ],
99 silly audit   tailwindcss: [ '4.2.2' ],
99 silly audit   tapable: [ '2.3.2' ],
99 silly audit   thenify: [ '3.3.1' ],
99 silly audit   'thenify-all': [ '1.6.0' ],
99 silly audit   through: [ '2.3.8' ],
99 silly audit   tinyglobby: [ '0.2.15' ],
99 silly audit   fdir: [ '6.5.0' ],
99 silly audit   'to-regex-range': [ '5.0.1' ],
99 silly audit   'tough-cookie': [ '2.5.0' ],
99 silly audit   'tree-kill': [ '1.2.2' ],
99 silly audit   'ts-api-utils': [ '2.5.0' ],
99 silly audit   'tsconfig-paths': [ '3.15.0' ],
99 silly audit   tslib: [ '2.8.1' ],
99 silly audit   tsx: [ '4.21.0' ],
99 silly audit   'tunnel-agent': [ '0.6.0' ],
99 silly audit   tweetnacl: [ '0.14.5' ],
99 silly audit   'type-check': [ '0.4.0' ],
99 silly audit   'typed-array-buffer': [ '1.0.3' ],
99 silly audit   'typed-array-byte-length': [ '1.0.3' ],
99 silly audit   'typed-array-byte-offset': [ '1.0.4' ],
99 silly audit   'typed-array-length': [ '1.0.7' ],
99 silly audit   typescript: [ '5.9.3' ],
99 silly audit   'typescript-eslint': [ '8.58.0' ],
99 silly audit   'unbox-primitive': [ '1.1.0' ],
99 silly audit   'undici-types': [ '6.21.0' ],
99 silly audit   'unrs-resolver': [ '1.11.1' ],
99 silly audit   untildify: [ '3.0.3' ],
99 silly audit   'update-browserslist-db': [ '1.2.3' ],
99 silly audit   'uri-js': [ '4.4.1' ],
99 silly audit   'user-home': [ '2.0.0' ],
99 silly audit   uuid: [ '3.4.0' ],
99 silly audit   verror: [ '1.10.0' ],
99 silly audit   which: [ '2.0.2' ],
99 silly audit   'which-boxed-primitive': [ '1.1.1' ],
99 silly audit   'which-builtin-type': [ '1.2.1' ],
99 silly audit   'which-collection': [ '1.0.2' ],
99 silly audit   'which-typed-array': [ '1.1.20' ],
99 silly audit   'word-wrap': [ '1.2.5' ],
99 silly audit   'wrap-ansi': [ '7.0.0' ],
99 silly audit   wrappy: [ '1.0.2' ],
99 silly audit   xtend: [ '4.0.2' ],
99 silly audit   y18n: [ '5.0.8' ],
99 silly audit   yallist: [ '3.1.1' ],
99 silly audit   'yocto-queue': [ '0.1.0' ],
99 silly audit   zod: [ '4.3.6' ],
99 silly audit   'zod-validation-error': [ '4.0.2' ],
99 silly audit   mongodb: [ '7.1.1' ],
99 silly audit   '@mongodb-js/saslprep': [ '1.4.6' ],
99 silly audit   bson: [ '7.2.0' ],
99 silly audit   'mongodb-connection-string-url': [ '7.0.1' ],
99 silly audit   'sparse-bitfield': [ '3.0.3' ],
99 silly audit   '@types/whatwg-url': [ '13.0.0' ],
99 silly audit   'whatwg-url': [ '14.2.0' ],
99 silly audit   '@types/webidl-conversions': [ '7.0.3' ],
99 silly audit   'memory-pager': [ '1.5.0' ],
99 silly audit   tr46: [ '5.1.1' ],
99 silly audit   'webidl-conversions': [ '7.0.0' ]
99 silly audit }
100 http cache tr46@https://registry.npmjs.org/tr46/-/tr46-5.1.1.tgz 1ms (cache hit)
101 http cache memory-pager@https://registry.npmjs.org/memory-pager/-/memory-pager-1.5.0.tgz 0ms (cache hit)
102 http cache whatwg-url@https://registry.npmjs.org/whatwg-url/-/whatwg-url-14.2.0.tgz 0ms (cache hit)
103 http cache @types/webidl-conversions@https://registry.npmjs.org/@types/webidl-conversions/-/webidl-conversions-7.0.3.tgz 0ms (cache hit)
104 http cache @types/whatwg-url@https://registry.npmjs.org/@types/whatwg-url/-/whatwg-url-13.0.0.tgz 0ms (cache hit)
105 http cache sparse-bitfield@https://registry.npmjs.org/sparse-bitfield/-/sparse-bitfield-3.0.3.tgz 0ms (cache hit)
106 http cache mongodb-connection-string-url@https://registry.npmjs.org/mongodb-connection-string-url/-/mongodb-connection-string-url-7.0.1.tgz 0ms (cache hit)
107 http cache webidl-conversions@https://registry.npmjs.org/webidl-conversions/-/webidl-conversions-7.0.0.tgz 0ms (cache hit)
108 http cache @mongodb-js/saslprep@https://registry.npmjs.org/@mongodb-js/saslprep/-/saslprep-1.4.6.tgz 0ms (cache hit)
109 http cache mongodb@https://registry.npmjs.org/mongodb/-/mongodb-7.1.1.tgz 0ms (cache hit)
110 silly tarball no local data for tr46@https://registry.npmjs.org/tr46/-/tr46-5.1.1.tgz. Extracting by manifest.
111 silly tarball no local data for memory-pager@https://registry.npmjs.org/memory-pager/-/memory-pager-1.5.0.tgz. Extracting by manifest.
112 silly tarball no local data for whatwg-url@https://registry.npmjs.org/whatwg-url/-/whatwg-url-14.2.0.tgz. Extracting by manifest.
113 silly tarball no local data for @types/webidl-conversions@https://registry.npmjs.org/@types/webidl-conversions/-/webidl-conversions-7.0.3.tgz. Extracting by manifest.
114 silly tarball no local data for @types/whatwg-url@https://registry.npmjs.org/@types/whatwg-url/-/whatwg-url-13.0.0.tgz. Extracting by manifest.
115 silly tarball no local data for sparse-bitfield@https://registry.npmjs.org/sparse-bitfield/-/sparse-bitfield-3.0.3.tgz. Extracting by manifest.
116 silly tarball no local data for mongodb-connection-string-url@https://registry.npmjs.org/mongodb-connection-string-url/-/mongodb-connection-string-url-7.0.1.tgz. Extracting by manifest.
117 silly tarball no local data for webidl-conversions@https://registry.npmjs.org/webidl-conversions/-/webidl-conversions-7.0.0.tgz. Extracting by manifest.
118 http cache bson@https://registry.npmjs.org/bson/-/bson-7.2.0.tgz 0ms (cache hit)
119 silly tarball no local data for @mongodb-js/saslprep@https://registry.npmjs.org/@mongodb-js/saslprep/-/saslprep-1.4.6.tgz. Extracting by manifest.
120 silly tarball no local data for mongodb@https://registry.npmjs.org/mongodb/-/mongodb-7.1.1.tgz. Extracting by manifest.
121 silly tarball no local data for bson@https://registry.npmjs.org/bson/-/bson-7.2.0.tgz. Extracting by manifest.
122 http fetch GET 200 https://registry.npmjs.org/tr46/-/tr46-5.1.1.tgz 43ms (cache miss)
123 http fetch GET 200 https://registry.npmjs.org/memory-pager/-/memory-pager-1.5.0.tgz 47ms (cache miss)
124 http fetch GET 200 https://registry.npmjs.org/sparse-bitfield/-/sparse-bitfield-3.0.3.tgz 67ms (cache miss)
125 http fetch GET 200 https://registry.npmjs.org/mongodb-connection-string-url/-/mongodb-connection-string-url-7.0.1.tgz 73ms (cache miss)
126 http fetch GET 200 https://registry.npmjs.org/whatwg-url/-/whatwg-url-14.2.0.tgz 79ms (cache miss)
127 http fetch GET 200 https://registry.npmjs.org/webidl-conversions/-/webidl-conversions-7.0.0.tgz 99ms (cache miss)
128 http fetch GET 200 https://registry.npmjs.org/@types/webidl-conversions/-/webidl-conversions-7.0.3.tgz 101ms (cache miss)
129 http fetch GET 200 https://registry.npmjs.org/@types/whatwg-url/-/whatwg-url-13.0.0.tgz 104ms (cache miss)
130 http fetch GET 200 https://registry.npmjs.org/@mongodb-js/saslprep/-/saslprep-1.4.6.tgz 107ms (cache miss)
131 http fetch GET 200 https://registry.npmjs.org/bson/-/bson-7.2.0.tgz 115ms (cache miss)
132 http fetch GET 200 https://registry.npmjs.org/mongodb/-/mongodb-7.1.1.tgz 157ms (cache miss)
133 http fetch POST 200 https://registry.npmjs.org/-/npm/v1/security/advisories/bulk 223ms
134 silly audit report {
134 silly audit report   esbuild: [
134 silly audit report     {
134 silly audit report       id: 1102341,
134 silly audit report       url: 'https://github.com/advisories/GHSA-67mh-4wv8-2f99',
134 silly audit report       title: 'esbuild enables any website to send any requests to the development server and read the response',
134 silly audit report       severity: 'moderate',
134 silly audit report       vulnerable_versions: '<=0.24.2',
134 silly audit report       cwe: [Array],
134 silly audit report       cvss: [Object]
134 silly audit report     }
134 silly audit report   ],
134 silly audit report   axios: [
134 silly audit report     {
134 silly audit report       id: 1111034,
134 silly audit report       url: 'https://github.com/advisories/GHSA-jr5f-v2jv-69x6',
134 silly audit report       title: 'axios Requests Vulnerable To Possible SSRF and Credential Leakage via Absolute URL',
134 silly audit report       severity: 'high',
134 silly audit report       vulnerable_versions: '<0.30.0',
134 silly audit report       cwe: [Array],
134 silly audit report       cvss: [Object]
134 silly audit report     },
134 silly audit report     {
134 silly audit report       id: 1113274,
134 silly audit report       url: 'https://github.com/advisories/GHSA-43fc-jf86-j433',
134 silly audit report       title: 'Axios is Vulnerable to Denial of Service via __proto__ Key in mergeConfig',
134 silly audit report       severity: 'high',
134 silly audit report       vulnerable_versions: '<=0.30.2',
134 silly audit report       cwe: [Array],
134 silly audit report       cvss: [Object]
134 silly audit report     },
134 silly audit report     {
134 silly audit report       id: 1116276,
134 silly audit report       url: 'https://github.com/advisories/GHSA-qj83-cq47-w5f8',
134 silly audit report       title: 'Axios HTTP/2 Session Cleanup State Corruption Vulnerability',
134 silly audit report       severity: 'moderate',
134 silly audit report       vulnerable_versions: '<1.13.2',
134 silly audit report       cwe: [Array],
134 silly audit report       cvss: [Object]
134 silly audit report     },
134 silly audit report     {
134 silly audit report       id: 1097679,
134 silly audit report       url: 'https://github.com/advisories/GHSA-wf5p-g6vw-rhxx',
134 silly audit report       title: 'Axios Cross-Site Request Forgery Vulnerability',
134 silly audit report       severity: 'moderate',
134 silly audit report       vulnerable_versions: '>=0.8.1 <0.28.0',
134 silly audit report       cwe: [Array],
134 silly audit report       cvss: [Object]
134 silly audit report     }
134 silly audit report   ],
134 silly audit report   'form-data': [
134 silly audit report     {
134 silly audit report       id: 1109540,
134 silly audit report       url: 'https://github.com/advisories/GHSA-fjxv-7rqg-78g4',
134 silly audit report       title: 'form-data uses unsafe random function in form-data for choosing boundary',
134 silly audit report       severity: 'critical',
134 silly audit report       vulnerable_versions: '<2.5.4',
134 silly audit report       cwe: [Array],
134 silly audit report       cvss: [Object]
134 silly audit report     }
134 silly audit report   ],
134 silly audit report   lodash: [
134 silly audit report     {
134 silly audit report       id: 1106900,
134 silly audit report       url: 'https://github.com/advisories/GHSA-fvqr-27wr-82fm',
134 silly audit report       title: 'Prototype Pollution in lodash',
134 silly audit report       severity: 'moderate',
134 silly audit report       vulnerable_versions: '<4.17.5',
134 silly audit report       cwe: [Array],
134 silly audit report       cvss: [Object]
134 silly audit report     },
134 silly audit report     {
134 silly audit report       id: 1106913,
134 silly audit report       url: 'https://github.com/advisories/GHSA-35jh-r3h4-6jhm',
134 silly audit report       title: 'Command Injection in lodash',
134 silly audit report       severity: 'high',
134 silly audit report       vulnerable_versions: '<4.17.21',
134 silly audit report       cwe: [Array],
134 silly audit report       cvss: [Object]
134 silly audit report     },
134 silly audit report     {
134 silly audit report       id: 1106914,
134 silly audit report       url: 'https://github.com/advisories/GHSA-4xc9-xhrj-v574',
134 silly audit report       title: 'Prototype Pollution in lodash',
134 silly audit report       severity: 'high',
134 silly audit report       vulnerable_versions: '<4.17.11',
134 silly audit report       cwe: [Array],
134 silly audit report       cvss: [Object]
134 silly audit report     },
134 silly audit report     {
134 silly audit report       id: 1106918,
134 silly audit report       url: 'https://github.com/advisories/GHSA-jf85-cpcp-j695',
134 silly audit report       title: 'Prototype Pollution in lodash',
134 silly audit report       severity: 'critical',
134 silly audit report       vulnerable_versions: '<4.17.12',
134 silly audit report       cwe: [Array],
134 silly audit report       cvss: [Object]
134 silly audit report     },
134 silly audit report     {
134 silly audit report       id: 1106920,
134 silly audit report       url: 'https://github.com/advisories/GHSA-p6mc-m468-83gw',
134 silly audit report       title: 'Prototype Pollution in lodash',
134 silly audit report       severity: 'high',
134 silly audit report       vulnerable_versions: '>=3.7.0 <4.17.19',
134 silly audit report       cwe: [Array],
134 silly audit report       cvss: [Object]
134 silly audit report     },
134 silly audit report     {
134 silly audit report       id: 1115810,
134 silly audit report       url: 'https://github.com/advisories/GHSA-f23m-r3pf-42rh',
134 silly audit report       title: 'lodash vulnerable to Prototype Pollution via array path bypass in `_.unset` and `_.omit`',
134 silly audit report       severity: 'moderate',
134 silly audit report       vulnerable_versions: '<=4.17.23',
134 silly audit report       cwe: [Array],
134 silly audit report       cvss: [Object]
134 silly audit report     }
134 silly audit report   ],
134 silly audit report   qs: [
134 silly audit report     {
134 silly audit report       id: 1113719,
134 silly audit report       url: 'https://github.com/advisories/GHSA-6rw7-vpxm-498p',
134 silly audit report       title: "qs's arrayLimit bypass in its bracket notation allows DoS via memory exhaustion",
134 silly audit report       severity: 'moderate',
134 silly audit report       vulnerable_versions: '<6.14.1',
134 silly audit report       cwe: [Array],
134 silly audit report       cvss: [Object]
134 silly audit report     }
134 silly audit report   ],
134 silly audit report   request: [
134 silly audit report     {
134 silly audit report       id: 1096727,
134 silly audit report       url: 'https://github.com/advisories/GHSA-p8p7-x288-28g6',
134 silly audit report       title: 'Server-Side Request Forgery in Request',
134 silly audit report       severity: 'moderate',
134 silly audit report       vulnerable_versions: '<=2.88.2',
134 silly audit report       cwe: [Array],
134 silly audit report       cvss: [Object]
134 silly audit report     }
134 silly audit report   ],
134 silly audit report   'tough-cookie': [
134 silly audit report     {
134 silly audit report       id: 1097682,
134 silly audit report       url: 'https://github.com/advisories/GHSA-72xf-g2v4-qvf3',
134 silly audit report       title: 'tough-cookie Prototype Pollution vulnerability',
134 silly audit report       severity: 'moderate',
134 silly audit report       vulnerable_versions: '<4.1.3',
134 silly audit report       cwe: [Array],
134 silly audit report       cvss: [Object]
134 silly audit report     }
134 silly audit report   ]
134 silly audit report }
135 silly packumentCache corgi:https://registry.npmjs.org/esbuild cache-miss
136 silly packumentCache corgi:https://registry.npmjs.org/axios cache-miss
137 silly packumentCache corgi:https://registry.npmjs.org/form-data cache-miss
138 silly packumentCache corgi:https://registry.npmjs.org/lodash cache-miss
139 silly packumentCache corgi:https://registry.npmjs.org/qs cache-miss
140 silly packumentCache corgi:https://registry.npmjs.org/request cache-miss
141 silly packumentCache corgi:https://registry.npmjs.org/tough-cookie cache-miss
142 http fetch GET 200 https://registry.npmjs.org/form-data 40ms (cache miss)
143 silly packumentCache corgi:https://registry.npmjs.org/form-data set size:undefined disposed:false
144 http fetch GET 200 https://registry.npmjs.org/axios 42ms (cache miss)
145 silly packumentCache corgi:https://registry.npmjs.org/axios set size:undefined disposed:false
146 http fetch GET 200 https://registry.npmjs.org/lodash 47ms (cache miss)
147 silly packumentCache corgi:https://registry.npmjs.org/lodash set size:undefined disposed:false
148 http fetch GET 200 https://registry.npmjs.org/qs 52ms (cache miss)
149 silly packumentCache corgi:https://registry.npmjs.org/qs set size:undefined disposed:false
150 http fetch GET 200 https://registry.npmjs.org/tough-cookie 62ms (cache miss)
151 silly packumentCache corgi:https://registry.npmjs.org/tough-cookie set size:undefined disposed:false
152 http fetch GET 200 https://registry.npmjs.org/esbuild 73ms (cache miss)
153 silly packumentCache corgi:https://registry.npmjs.org/esbuild set size:undefined disposed:false
154 http fetch GET 200 https://registry.npmjs.org/request 214ms (cache miss)
155 silly packumentCache corgi:https://registry.npmjs.org/request set size:undefined disposed:false
156 silly packumentCache corgi:https://registry.npmjs.org/@esbuild-kit%2fcore-utils cache-miss
157 http fetch GET 200 https://registry.npmjs.org/@esbuild-kit%2fcore-utils 49ms (cache miss)
158 silly packumentCache corgi:https://registry.npmjs.org/@esbuild-kit%2fcore-utils set size:undefined disposed:false
159 silly packumentCache corgi:https://registry.npmjs.org/localtunnel cache-miss
160 http fetch GET 200 https://registry.npmjs.org/localtunnel 593ms (cache miss)
161 silly packumentCache corgi:https://registry.npmjs.org/localtunnel set size:undefined disposed:false
162 silly packumentCache corgi:https://registry.npmjs.org/inquirer cache-miss
163 http fetch GET 200 https://registry.npmjs.org/inquirer 40ms (cache miss)
164 silly packumentCache corgi:https://registry.npmjs.org/inquirer set size:undefined disposed:false
165 silly packumentCache corgi:https://registry.npmjs.org/request-promise cache-miss
166 http fetch GET 200 https://registry.npmjs.org/request-promise 53ms (cache miss)
167 silly packumentCache corgi:https://registry.npmjs.org/request-promise set size:undefined disposed:false
168 silly packumentCache corgi:https://registry.npmjs.org/@esbuild-kit%2fesm-loader cache-miss
169 http fetch GET 200 https://registry.npmjs.org/@esbuild-kit%2fesm-loader 42ms (cache miss)
170 silly packumentCache corgi:https://registry.npmjs.org/@esbuild-kit%2fesm-loader set size:undefined disposed:false
171 silly packumentCache corgi:https://registry.npmjs.org/inquirer-promise cache-miss
172 http fetch GET 200 https://registry.npmjs.org/inquirer-promise 214ms (cache miss)
173 silly packumentCache corgi:https://registry.npmjs.org/inquirer-promise set size:undefined disposed:false
174 silly packumentCache corgi:https://registry.npmjs.org/biome cache-miss
175 http fetch GET 200 https://registry.npmjs.org/biome 212ms (cache miss)
176 silly packumentCache corgi:https://registry.npmjs.org/biome set size:undefined disposed:false
177 silly packumentCache corgi:https://registry.npmjs.org/drizzle-kit cache-miss
178 http fetch GET 200 https://registry.npmjs.org/drizzle-kit 57ms (cache miss)
179 silly packumentCache corgi:https://registry.npmjs.org/drizzle-kit set size:undefined disposed:false
180 silly ADD node_modules/webidl-conversions
181 silly ADD node_modules/tr46
182 silly ADD node_modules/memory-pager
183 silly ADD node_modules/@types/webidl-conversions
184 silly ADD node_modules/whatwg-url
185 silly ADD node_modules/@types/whatwg-url
186 silly ADD node_modules/sparse-bitfield
187 silly ADD node_modules/mongodb-connection-string-url
188 silly ADD node_modules/bson
189 silly ADD node_modules/@mongodb-js/saslprep
190 silly ADD node_modules/mongodb
191 verbose cwd /Users/brunobisogni/Desktop/guardia-app/.worktrees/fase1-buscas-multitribunal
192 verbose os Darwin 25.4.0
193 verbose node v22.19.0
194 verbose npm  v11.6.2
195 notice
195 notice New minor version of npm available! 11.6.2 -> 11.12.1
195 notice Changelog: https://github.com/npm/cli/releases/tag/v11.12.1
195 notice To update run: npm install -g npm@11.12.1
195 notice  { force: true, [Symbol(proc-log.meta)]: true }
196 verbose exit 0
197 info ok
